<?xml version="1.0" encoding="UTF-8"?>
<testsuite xmlns:xsi="http://www.w3.org/2001/XMLSchema-instance" xsi:noNamespaceSchemaLocation="https://maven.apache.org/surefire/maven-surefire-plugin/xsd/surefire-test-report.xsd" name="com.arron_yeoman.physics2d.Physics2DTest" time="0.006" tests="1" errors="0" skipped="0" failures="0">
  <properties>
    <property name="java.specification.version" value="21"/>
    <property name="sun.cpu.isalist" value="amd64"/>
    <property name="sun.jnu.encoding" value="UTF-8"/>
    <property name="java.class.path" value="C:\Users\arron\Desktop\Development\slimegamenew\target\test-classes;C:\Users\arron\Desktop\Development\slimegamenew\target\classes;C:\Users\arron\.m2\repository\org\jcommander\jcommander\2.0\jcommander-2.0.jar;C:\Users\arron\.m2\repository\com\google\code\gson\gson\2.12.1\gson-2.12.1.jar;C:\Users\arron\.m2\repository\com\google\errorprone\error_prone_annotations\2.36.0\error_prone_annotations-2.36.0.jar;C:\Users\arron\.m2\repository\org\junit\jupiter\junit-jupiter-engine\5.2.0\junit-jupiter-engine-5.2.0.jar;C:\Users\arron\.m2\repository\org\apiguardian\apiguardian-api\1.0.0\apiguardian-api-1.0.0.jar;C:\Users\arron\.m2\repository\org\junit\platform\junit-platform-engine\1.2.0\junit-platform-engine-1.2.0.jar;C:\Users\arron\.m2\repository\org\junit\platform\junit-platform-commons\1.2.0\junit-platform-commons-1.2.0.jar;C:\Users\arron\.m2\repository\org\opentest4j\opentest4j\1.1.0\opentest4j-1.1.0.jar;C:\Users\arron\.m2\repository\org\junit\jupiter\junit-jupiter-api\5.2.0\junit-jupiter-api-5.2.0.jar;C:\Users\arron\.m2\repository\org\junit\platform\junit-platform-runner\1.2.0\junit-platform-runner-1.2.0.jar;C:\Users\arron\.m2\repository\org\junit\platform\junit-platform-launcher\1.2.0\junit-platform-launcher-1.2.0.jar;C:\Users\arron\.m2\repository\org\junit\platform\junit-platform-suite-api\1.2.0\junit-platform-suite-api-1.2.0.jar;C:\Users\arron\.m2\repository\junit\junit\4.12\junit-4.12.jar;C:\Users\arron\.m2\repository\org\hamcrest\hamcrest-core\1.3\hamcrest-core-1.3.jar;C:\Users\arron\.m2\repository\org\lwjgl\lwjgl\3.3.4\lwjgl-3.3.4.jar;C:\Users\arron\.m2\repository\org\lwjgl\lwjgl-assimp\3.3.4\lwjgl-assimp-3.3.4.jar;C:\Users\arron\.m2\repository\org\lwjgl\lwjgl-bgfx\3.3.4\lwjgl-bgfx-3.3.4.jar;C:\Users\arron\.m2\repository\org\lwjgl\lwjgl-cuda\3.3.4\lwjgl-cuda-3.3.4.jar;C:\Users\arron\.m2\repository\org\lwjgl\lwjgl-egl\3.3.4\lwjgl-egl-3.3.4.jar;C:\Users\arron\.m2\repository\org\lwjgl\lwjgl-fmod\3.3.4\lwjgl-fmod-3.3.4.jar;C:\Users\arron\.m2\repository\org\lwjgl\lwjgl-freetype\3.3.4\lwjgl-freetype-3.3.4.jar;C:\Users\arron\.m2\repository\org\lwjgl\lwjgl-glfw\3.3.4\lwjgl-glfw-3.3.4.jar;C:\Users\arron\.m2\repository\org\lwjgl\lwjgl-harfbuzz\3.3.4\lwjgl-harfbuzz-3.3.4.jar;C:\Users\arron\.m2\repository\org\lwjgl\lwjgl-hwloc\3.3.4\lwjgl-hwloc-3.3.4.jar;C:\Users\arron\.m2\repository\org\lwjgl\lwjgl-jawt\3.3.4\lwjgl-jawt-3.3.4.jar;C:\Users\arron\.m2\repository\org\lwjgl\lwjgl-jemalloc\3.3.4\lwjgl-jemalloc-3.3.4.jar;C:\Users\arron\.m2\repository\org\lwjgl\lwjgl-ktx\3.3.4\lwjgl-ktx-3.3.4.jar;C:\Users\arron\.m2\repository\org\lwjgl\lwjgl-libdivide\3.3.4\lwjgl-libdivide-3.3.4.jar;C:\Users\arron\.m2\repository\org\lwjgl\lwjgl-llvm\3.3.4\lwjgl-llvm-3.3.4.jar;C:\Users\arron\.m2\repository\org\lwjgl\lwjgl-lmdb\3.3.4\lwjgl-lmdb-3.3.4.jar;C:\Users\arron\.m2\repository\org\lwjgl\lwjgl-lz4\3.3.4\lwjgl-lz4-3.3.4.jar;C:\Users\arron\.m2\repository\org\lwjgl\lwjgl-meow\3.3.4\lwjgl-meow-3.3.4.jar;C:\Users\arron\.m2\repository\org\lwjgl\lwjgl-meshoptimizer\3.3.4\lwjgl-meshoptimizer-3.3.4.jar;C:\Users\arron\.m2\repository\org\lwjgl\lwjgl-msdfgen\3.3.4\lwjgl-msdfgen-3.3.4.jar;C:\Users\arron\.m2\repository\org\lwjgl\lwjgl-nanovg\3.3.4\lwjgl-nanovg-3.3.4.jar;C:\Users\arron\.m2\repository\org\lwjgl\lwjgl-nfd\3.3.4\lwjgl-nfd-3.3.4.jar;C:\Users\arron\.m2\repository\org\lwjgl\lwjgl-nuklear\3.3.4\lwjgl-nuklear-3.3.4.jar;C:\Users\arron\.m2\repository\org\lwjgl\lwjgl-odbc\3.3.4\lwjgl-odbc-3.3.4.jar;C:\Users\arron\.m2\repository\org\lwjgl\lwjgl-openal\3.3.4\lwjgl-openal-3.3.4.jar;C:\Users\arron\.m2\repository\org\lwjgl\lwjgl-opencl\3.3.4\lwjgl-opencl-3.3.4.jar;C:\Users\arron\.m2\repository\org\lwjgl\lwjgl-opengl\3.3.4\lwjgl-opengl-3.3.4.jar;C:\Users\arron\.m2\repository\org\lwjgl\lwjgl-opengles\3.3.4\lwjgl-opengles-3.3.4.jar;C:\Users\arron\.m2\repository\org\lwjgl\lwjgl-openvr\3.3.4\lwjgl-openvr-3.3.4.jar;C:\Users\arron\.m2\repository\org\lwjgl\lwjgl-openxr\3.3.4\lwjgl-openxr-3.3.4.jar;C:\Users\arron\.m2\repository\org\lwjgl\lwjgl-opus\3.3.4\lwjgl-opus-3.3.4.jar;C:\Users\arron\.m2\repository\org\lwjgl\lwjgl-ovr\3.3.4\lwjgl-ovr-3.3.4.jar;C:\Users\arron\.m2\repository\org\lwjgl\lwjgl-par\3.3.4\lwjgl-par-3.3.4.jar;C:\Users\arron\.m2\repository\org\lwjgl\lwjgl-remotery\3.3.4\lwjgl-remotery-3.3.4.jar;C:\Users\arron\.m2\repository\org\lwjgl\lwjgl-rpmalloc\3.3.4\lwjgl-rpmalloc-3.3.4.jar;C:\Users\arron\.m2\repository\org\lwjgl\lwjgl-shaderc\3.3.4\lwjgl-shaderc-3.3.4.jar;C:\Users\arron\.m2\repository\org\lwjgl\lwjgl-spvc\3.3.4\lwjgl-spvc-3.3.4.jar;C:\Users\arron\.m2\repository\org\lwjgl\lwjgl-sse\3.3.4\lwjgl-sse-3.3.4.jar;C:\Users\arron\.m2\repository\org\lwjgl\lwjgl-stb\3.3.4\lwjgl-stb-3.3.4.jar;C:\Users\arron\.m2\repository\org\lwjgl\lwjgl-tinyexr\3.3.4\lwjgl-tinyexr-3.3.4.jar;C:\Users\arron\.m2\repository\org\lwjgl\lwjgl-tinyfd\3.3.4\lwjgl-tinyfd-3.3.4.jar;C:\Users\arron\.m2\repository\org\lwjgl\lwjgl-tootle\3.3.4\lwjgl-tootle-3.3.4.jar;C:\Users\arron\.m2\repository\org\lwjgl\lwjgl-vma\3.3.4\lwjgl-vma-3.3.4.jar;C:\Users\arron\.m2\repository\org\lwjgl\lwjgl-vulkan\3.3.4\lwjgl-vulkan-3.3.4.jar;C:\Users\arron\.m2\repository\org\lwjgl\lwjgl-xxhash\3.3.4\lwjgl-xxhash-3.3.4.jar;C:\Users\arron\.m2\repository\org\lwjgl\lwjgl-yoga\3.3.4\lwjgl-yoga-3.3.4.jar;C:\Users\arron\.m2\repository\org\lwjgl\lwjgl-zstd\3.3.4\lwjgl-zstd-3.3.4.jar;C:\Users\arron\.m2\repository\org\lwjgl\lwjgl\3.3.4\lwjgl-3.3.4-natives-windows.jar;C:\Users\arron\.m2\repository\org\lwjgl\lwjgl-assimp\3.3.4\lwjgl-assimp-3.3.4-natives-windows.jar;C:\Users\arron\.m2\repository\org\lwjgl\lwjgl-bgfx\3.3.4\lwjgl-bgfx-3.3.4-natives-windows.jar;C:\Users\arron\.m2\repository\org\lwjgl\lwjgl-freetype\3.3.4\lwjgl-freetype-3.3.4-natives-windows.jar;C:\Users\arron\.m2\repository\org\lwjgl\lwjgl-glfw\3.3.4\lwjgl-glfw-3.3.4-natives-windows.jar;C:\Users\arron\.m2\repository\org\lwjgl\lwjgl-harfbuzz\3.3.4\lwjgl-harfbuzz-3.3.4-natives-windows.jar;C:\Users\arron\.m2\repository\org\lwjgl\lwjgl-hwloc\3.3.4\lwjgl-hwloc-3.3.4-natives-windows.jar;C:\Users\arron\.m2\repository\org\lwjgl\lwjgl-jemalloc\3.3.4\lwjgl-jemalloc-3.3.4-natives-windows.jar;C:\Users\arron\.m2\repository\org\lwjgl\lwjgl-ktx\3.3.4\lwjgl-ktx-3.3.4-natives-windows.jar;C:\Users\arron\.m2\repository\org\lwjgl\lwjgl-libdivide\3.3.4\lwjgl-libdivide-3.3.4-natives-windows.jar;C:\Users\arron\.m2\repository\org\lwjgl\lwjgl-llvm\3.3.4\lwjgl-llvm-3.3.4-natives-windows.jar;C:\Users\arron\.m2\repository\org\lwjgl\lwjgl-lmdb\3.3.4\lwjgl-lmdb-3.3.4-natives-windows.jar;C:\Users\arron\.m2\repository\org\lwjgl\lwjgl-lz4\3.3.4\lwjgl-lz4-3.3.4-natives-windows.jar;C:\Users\arron\.m2\repository\org\lwjgl\lwjgl-meow\3.3.4\lwjgl-meow-3.3.4-natives-windows.jar;C:\Users\arron\.m2\repository\org\lwjgl\lwjgl-meshoptimizer\3.3.4\lwjgl-meshoptimizer-3.3.4-natives-windows.jar;C:\Users\arron\.m2\repository\org\lwjgl\lwjgl-msdfgen\3.3.4\lwjgl-msdfgen-3.3.4-natives-windows.jar;C:\Users\arron\.m2\repository\org\lwjgl\lwjgl-nanovg\3.3.4\lwjgl-nanovg-3.3.4-natives-windows.jar;C:\Users\arron\.m2\repository\org\lwjgl\lwjgl-nfd\3.3.4\lwjgl-nfd-3.3.4-natives-windows.jar;C:\Users\arron\.m2\repository\org\lwjgl\lwjgl-nuklear\3.3.4\lwjgl-nuklear-3.3.4-natives-windows.jar;C:\Users\arron\.m2\repository\org\lwjgl\lwjgl-openal\3.3.4\lwjgl-openal-3.3.4-natives-windows.jar;C:\Users\arron\.m2\repository\org\lwjgl\lwjgl-opengl\3.3.4\lwjgl-opengl-3.3.4-natives-windows.jar;C:\Users\arron\.m2\repository\org\lwjgl\lwjgl-opengles\3.3.4\lwjgl-opengles-3.3.4-natives-windows.jar;C:\Users\arron\.m2\repository\org\lwjgl\lwjgl-openvr\3.3.4\lwjgl-openvr-3.3.4-natives-windows.jar;C:\Users\arron\.m2\repository\org\lwjgl\lwjgl-openxr\3.3.4\lwjgl-openxr-3.3.4-natives-windows.jar;C:\Users\arron\.m2\repository\org\lwjgl\lwjgl-opus\3.3.4\lwjgl-opus-3.3.4-natives-windows.jar;C:\Users\arron\.m2\repository\org\lwjgl\lwjgl-par\3.3.4\lwjgl-par-3.3.4-natives-windows.jar;C:\Users\arron\.m2\repository\org\lwjgl\lwjgl-remotery\3.3.4\lwjgl-remotery-3.3.4-natives-windows.jar;C:\Users\arron\.m2\repository\org\lwjgl\lwjgl-rpmalloc\3.3.4\lwjgl-rpmalloc-3.3.4-natives-windows.jar;C:\Users\arron\.m2\repository\org\lwjgl\lwjgl-shaderc\3.3.4\lwjgl-shaderc-3.3.4-natives-windows.jar;C:\Users\arron\.m2\repository\org\lwjgl\lwjgl-spvc\3.3.4\lwjgl-spvc-3.3.4-natives-windows.jar;C:\Users\arron\.m2\repository\org\lwjgl\lwjgl-sse\3.3.4\lwjgl-sse-3.3.4-natives-windows.jar;C:\Users\arron\.m2\repository\org\lwjgl\lwjgl-stb\3.3.4\lwjgl-stb-3.3.4-natives-windows.jar;C:\Users\arron\.m2\repository\org\lwjgl\lwjgl-tinyexr\3.3.4\lwjgl-tinyexr-3.3.4-natives-windows.jar;C:\Users\arron\.m2\repository\org\lwjgl\lwjgl-tinyfd\3.3.4\lwjgl-tinyfd-3.3.4-natives-windows.jar;C:\Users\arron\.m2\repository\org\lwjgl\lwjgl-tootle\3.3.4\lwjgl-tootle-3.3.4-natives-windows.jar;C:\Users\arron\.m2\repository\org\lwjgl\lwjgl-vma\3.3.4\lwjgl-vma-3.3.4-natives-windows.jar;C:\Users\arron\.m2\repository\org\lwjgl\lwjgl-xxhash\3.3.4\lwjgl-xxhash-3.3.4-natives-windows.jar;C:\Users\arron\.m2\repository\org\lwjgl\lwjgl-yoga\3.3.4\lwjgl-yoga-3.3.4-natives-windows.jar;C:\Users\arron\.m2\repository\org\lwjgl\lwjgl-zstd\3.3.4\lwjgl-zstd-3.3.4-natives-windows.jar;C:\Users\arron\.m2\repository\org\joml\joml\1.10.8\joml-1.10.8.jar;"/>
    <property name="java.vm.vendor" value="Oracle Corporation"/>
    <property name="sun.arch.data.model" value="64"/>
    <property name="user.variant" value=""/>
    <property name="java.vendor.url" value="https://java.oracle.com/"/>
    <property name="user.timezone" value="Europe/London"/>
    <property name="os.name" value="Windows 11"/>
    <property name="java.vm.specification.version" value="21"/>
    <property name="sun.java.launcher" value="SUN_STANDARD"/>
    <property name="user.country" value="GB"/>
    <property name="sun.boot.library.path" value="C:\Program Files\Java\jdk-21\bin"/>
    <property name="sun.java.command" value="C:\Users\arron\AppData\Local\Temp\surefire681512273450642004\surefirebooter14666478584996367996.jar C:\Users\arron\AppData\Local\Temp\surefire681512273450642004 2025-02-22T10-14-32_989-jvmRun1 surefire4484521712130942180tmp surefire_014917202889240919695tmp"/>
    <property name="jdk.debug" value="release"/>
    <property name="surefire.test.class.path" value="C:\Users\arron\Desktop\Development\slimegamenew\target\test-classes;C:\Users\arron\Desktop\Development\slimegamenew\target\classes;C:\Users\arron\.m2\repository\org\jcommander\jcommander\2.0\jcommander-2.0.jar;C:\Users\arron\.m2\repository\com\google\code\gson\gson\2.12.1\gson-2.12.1.jar;C:\Users\arron\.m2\repository\com\google\errorprone\error_prone_annotations\2.36.0\error_prone_annotations-2.36.0.jar;C:\Users\arron\.m2\repository\org\junit\jupiter\junit-jupiter-engine\5.2.0\junit-jupiter-engine-5.2.0.jar;C:\Users\arron\.m2\repository\org\apiguardian\apiguardian-api\1.0.0\apiguardian-api-1.0.0.jar;C:\Users\arron\.m2\repository\org\junit\platform\junit-platform-engine\1.2.0\junit-platform-engine-1.2.0.jar;C:\Users\arron\.m2\repository\org\junit\platform\junit-platform-commons\1.2.0\junit-platform-commons-1.2.0.jar;C:\Users\arron\.m2\repository\org\opentest4j\opentest4j\1.1.0\opentest4j-1.1.0.jar;C:\Users\arron\.m2\repository\org\junit\jupiter\junit-jupiter-api\5.2.0\junit-jupiter-api-5.2.0.jar;C:\Users\arron\.m2\repository\org\junit\platform\junit-platform-runner\1.2.0\junit-platform-runner-1.2.0.jar;C:\Users\arron\.m2\repository\org\junit\platform\junit-platform-launcher\1.2.0\junit-platform-launcher-1.2.0.jar;C:\Users\arron\.m2\repository\org\junit\platform\junit-platform-suite-api\1.2.0\junit-platform-suite-api-1.2.0.jar;C:\Users\arron\.m2\repository\junit\junit\4.12\junit-4.12.jar;C:\Users\arron\.m2\repository\org\hamcrest\hamcrest-core\1.3\hamcrest-core-1.3.jar;C:\Users\arron\.m2\repository\org\lwjgl\lwjgl\3.3.4\lwjgl-3.3.4.jar;C:\Users\arron\.m2\repository\org\lwjgl\lwjgl-assimp\3.3.4\lwjgl-assimp-3.3.4.jar;C:\Users\arron\.m2\repository\org\lwjgl\lwjgl-bgfx\3.3.4\lwjgl-bgfx-3.3.4.jar;C:\Users\arron\.m2\repository\org\lwjgl\lwjgl-cuda\3.3.4\lwjgl-cuda-3.3.4.jar;C:\Users\arron\.m2\repository\org\lwjgl\lwjgl-egl\3.3.4\lwjgl-egl-3.3.4.jar;C:\Users\arron\.m2\repository\org\lwjgl\lwjgl-fmod\3.3.4\lwjgl-fmod-3.3.4.jar;C:\Users\arron\.m2\repository\org\lwjgl\lwjgl-freetype\3.3.4\lwjgl-freetype-3.3.4.jar;C:\Users\arron\.m2\repository\org\lwjgl\lwjgl-glfw\3.3.4\lwjgl-glfw-3.3.4.jar;C:\Users\arron\.m2\repository\org\lwjgl\lwjgl-harfbuzz\3.3.4\lwjgl-harfbuzz-3.3.4.jar;C:\Users\arron\.m2\repository\org\lwjgl\lwjgl-hwloc\3.3.4\lwjgl-hwloc-3.3.4.jar;C:\Users\arron\.m2\repository\org\lwjgl\lwjgl-jawt\3.3.4\lwjgl-jawt-3.3.4.jar;C:\Users\arron\.m2\repository\org\lwjgl\lwjgl-jemalloc\3.3.4\lwjgl-jemalloc-3.3.4.jar;C:\Users\arron\.m2\repository\org\lwjgl\lwjgl-ktx\3.3.4\lwjgl-ktx-3.3.4.jar;C:\Users\arron\.m2\repository\org\lwjgl\lwjgl-libdivide\3.3.4\lwjgl-libdivide-3.3.4.jar;C:\Users\arron\.m2\repository\org\lwjgl\lwjgl-llvm\3.3.4\lwjgl-llvm-3.3.4.jar;C:\Users\arron\.m2\repository\org\lwjgl\lwjgl-lmdb\3.3.4\lwjgl-lmdb-3.3.4.jar;C:\Users\arron\.m2\repository\org\lwjgl\lwjgl-lz4\3.3.4\lwjgl-lz4-3.3.4.jar;C:\Users\arron\.m2\repository\org\lwjgl\lwjgl-meow\3.3.4\lwjgl-meow-3.3.4.jar;C:\Users\arron\.m2\repository\org\lwjgl\lwjgl-meshoptimizer\3.3.4\lwjgl-meshoptimizer-3.3.4.jar;C:\Users\arron\.m2\repository\org\lwjgl\lwjgl-msdfgen\3.3.4\lwjgl-msdfgen-3.3.4.jar;C:\Users\arron\.m2\repository\org\lwjgl\lwjgl-nanovg\3.3.4\lwjgl-nanovg-3.3.4.jar;C:\Users\arron\.m2\repository\org\lwjgl\lwjgl-nfd\3.3.4\lwjgl-nfd-3.3.4.jar;C:\Users\arron\.m2\repository\org\lwjgl\lwjgl-nuklear\3.3.4\lwjgl-nuklear-3.3.4.jar;C:\Users\arron\.m2\repository\org\lwjgl\lwjgl-odbc\3.3.4\lwjgl-odbc-3.3.4.jar;C:\Users\arron\.m2\repository\org\lwjgl\lwjgl-openal\3.3.4\lwjgl-openal-3.3.4.jar;C:\Users\arron\.m2\repository\org\lwjgl\lwjgl-opencl\3.3.4\lwjgl-opencl-3.3.4.jar;C:\Users\arron\.m2\repository\org\lwjgl\lwjgl-opengl\3.3.4\lwjgl-opengl-3.3.4.jar;C:\Users\arron\.m2\repository\org\lwjgl\lwjgl-opengles\3.3.4\lwjgl-opengles-3.3.4.jar;C:\Users\arron\.m2\repository\org\lwjgl\lwjgl-openvr\3.3.4\lwjgl-openvr-3.3.4.jar;C:\Users\arron\.m2\repository\org\lwjgl\lwjgl-openxr\3.3.4\lwjgl-openxr-3.3.4.jar;C:\Users\arron\.m2\repository\org\lwjgl\lwjgl-opus\3.3.4\lwjgl-opus-3.3.4.jar;C:\Users\arron\.m2\repository\org\lwjgl\lwjgl-ovr\3.3.4\lwjgl-ovr-3.3.4.jar;C:\Users\arron\.m2\repository\org\lwjgl\lwjgl-par\3.3.4\lwjgl-par-3.3.4.jar;C:\Users\arron\.m2\repository\org\lwjgl\lwjgl-remotery\3.3.4\lwjgl-remotery-3.3.4.jar;C:\Users\arron\.m2\repository\org\lwjgl\lwjgl-rpmalloc\3.3.4\lwjgl-rpmalloc-3.3.4.jar;C:\Users\arron\.m2\repository\org\lwjgl\lwjgl-shaderc\3.3.4\lwjgl-shaderc-3.3.4.jar;C:\Users\arron\.m2\repository\org\lwjgl\lwjgl-spvc\3.3.4\lwjgl-spvc-3.3.4.jar;C:\Users\arron\.m2\repository\org\lwjgl\lwjgl-sse\3.3.4\lwjgl-sse-3.3.4.jar;C:\Users\arron\.m2\repository\org\lwjgl\lwjgl-stb\3.3.4\lwjgl-stb-3.3.4.jar;C:\Users\arron\.m2\repository\org\lwjgl\lwjgl-tinyexr\3.3.4\lwjgl-tinyexr-3.3.4.jar;C:\Users\arron\.m2\repository\org\lwjgl\lwjgl-tinyfd\3.3.4\lwjgl-tinyfd-3.3.4.jar;C:\Users\arron\.m2\repository\org\lwjgl\lwjgl-tootle\3.3.4\lwjgl-tootle-3.3.4.jar;C:\Users\arron\.m2\repository\org\lwjgl\lwjgl-vma\3.3.4\lwjgl-vma-3.3.4.jar;C:\Users\arron\.m2\repository\org\lwjgl\lwjgl-vulkan\3.3.4\lwjgl-vulkan-3.3.4.jar;C:\Users\arron\.m2\repository\org\lwjgl\lwjgl-xxhash\3.3.4\lwjgl-xxhash-3.3.4.jar;C:\Users\arron\.m2\repository\org\lwjgl\lwjgl-yoga\3.3.4\lwjgl-yoga-3.3.4.jar;C:\Users\arron\.m2\repository\org\lwjgl\lwjgl-zstd\3.3.4\lwjgl-zstd-3.3.4.jar;C:\Users\arron\.m2\repository\org\lwjgl\lwjgl\3.3.4\lwjgl-3.3.4-natives-windows.jar;C:\Users\arron\.m2\repository\org\lwjgl\lwjgl-assimp\3.3.4\lwjgl-assimp-3.3.4-natives-windows.jar;C:\Users\arron\.m2\repository\org\lwjgl\lwjgl-bgfx\3.3.4\lwjgl-bgfx-3.3.4-natives-windows.jar;C:\Users\arron\.m2\repository\org\lwjgl\lwjgl-freetype\3.3.4\lwjgl-freetype-3.3.4-natives-windows.jar;C:\Users\arron\.m2\repository\org\lwjgl\lwjgl-glfw\3.3.4\lwjgl-glfw-3.3.4-natives-windows.jar;C:\Users\arron\.m2\repository\org\lwjgl\lwjgl-harfbuzz\3.3.4\lwjgl-harfbuzz-3.3.4-natives-windows.jar;C:\Users\arron\.m2\repository\org\lwjgl\lwjgl-hwloc\3.3.4\lwjgl-hwloc-3.3.4-natives-windows.jar;C:\Users\arron\.m2\repository\org\lwjgl\lwjgl-jemalloc\3.3.4\lwjgl-jemalloc-3.3.4-natives-windows.jar;C:\Users\arron\.m2\repository\org\lwjgl\lwjgl-ktx\3.3.4\lwjgl-ktx-3.3.4-natives-windows.jar;C:\Users\arron\.m2\repository\org\lwjgl\lwjgl-libdivide\3.3.4\lwjgl-libdivide-3.3.4-natives-windows.jar;C:\Users\arron\.m2\repository\org\lwjgl\lwjgl-llvm\3.3.4\lwjgl-llvm-3.3.4-natives-windows.jar;C:\Users\arron\.m2\repository\org\lwjgl\lwjgl-lmdb\3.3.4\lwjgl-lmdb-3.3.4-natives-windows.jar;C:\Users\arron\.m2\repository\org\lwjgl\lwjgl-lz4\3.3.4\lwjgl-lz4-3.3.4-natives-windows.jar;C:\Users\arron\.m2\repository\org\lwjgl\lwjgl-meow\3.3.4\lwjgl-meow-3.3.4-natives-windows.jar;C:\Users\arron\.m2\repository\org\lwjgl\lwjgl-meshoptimizer\3.3.4\lwjgl-meshoptimizer-3.3.4-natives-windows.jar;C:\Users\arron\.m2\repository\org\lwjgl\lwjgl-msdfgen\3.3.4\lwjgl-msdfgen-3.3.4-natives-windows.jar;C:\Users\arron\.m2\repository\org\lwjgl\lwjgl-nanovg\3.3.4\lwjgl-nanovg-3.3.4-natives-windows.jar;C:\Users\arron\.m2\repository\org\lwjgl\lwjgl-nfd\3.3.4\lwjgl-nfd-3.3.4-natives-windows.jar;C:\Users\arron\.m2\repository\org\lwjgl\lwjgl-nuklear\3.3.4\lwjgl-nuklear-3.3.4-natives-windows.jar;C:\Users\arron\.m2\repository\org\lwjgl\lwjgl-openal\3.3.4\lwjgl-openal-3.3.4-natives-windows.jar;C:\Users\arron\.m2\repository\org\lwjgl\lwjgl-opengl\3.3.4\lwjgl-opengl-3.3.4-natives-windows.jar;C:\Users\arron\.m2\repository\org\lwjgl\lwjgl-opengles\3.3.4\lwjgl-opengles-3.3.4-natives-windows.jar;C:\Users\arron\.m2\repository\org\lwjgl\lwjgl-openvr\3.3.4\lwjgl-openvr-3.3.4-natives-windows.jar;C:\Users\arron\.m2\repository\org\lwjgl\lwjgl-openxr\3.3.4\lwjgl-openxr-3.3.4-natives-windows.jar;C:\Users\arron\.m2\repository\org\lwjgl\lwjgl-opus\3.3.4\lwjgl-opus-3.3.4-natives-windows.jar;C:\Users\arron\.m2\repository\org\lwjgl\lwjgl-par\3.3.4\lwjgl-par-3.3.4-natives-windows.jar;C:\Users\arron\.m2\repository\org\lwjgl\lwjgl-remotery\3.3.4\lwjgl-remotery-3.3.4-natives-windows.jar;C:\Users\arron\.m2\repository\org\lwjgl\lwjgl-rpmalloc\3.3.4\lwjgl-rpmalloc-3.3.4-natives-windows.jar;C:\Users\arron\.m2\repository\org\lwjgl\lwjgl-shaderc\3.3.4\lwjgl-shaderc-3.3.4-natives-windows.jar;C:\Users\arron\.m2\repository\org\lwjgl\lwjgl-spvc\3.3.4\lwjgl-spvc-3.3.4-natives-windows.jar;C:\Users\arron\.m2\repository\org\lwjgl\lwjgl-sse\3.3.4\lwjgl-sse-3.3.4-natives-windows.jar;C:\Users\arron\.m2\repository\org\lwjgl\lwjgl-stb\3.3.4\lwjgl-stb-3.3.4-natives-windows.jar;C:\Users\arron\.m2\repository\org\lwjgl\lwjgl-tinyexr\3.3.4\lwjgl-tinyexr-3.3.4-natives-windows.jar;C:\Users\arron\.m2\repository\org\lwjgl\lwjgl-tinyfd\3.3.4\lwjgl-tinyfd-3.3.4-natives-windows.jar;C:\Users\arron\.m2\repository\org\lwjgl\lwjgl-tootle\3.3.4\lwjgl-tootle-3.3.4-natives-windows.jar;C:\Users\arron\.m2\repository\org\lwjgl\lwjgl-vma\3.3.4\lwjgl-vma-3.3.4-natives-windows.jar;C:\Users\arron\.m2\repository\org\lwjgl\lwjgl-xxhash\3.3.4\lwjgl-xxhash-3.3.4-natives-windows.jar;C:\Users\arron\.m2\repository\org\lwjgl\lwjgl-yoga\3.3.4\lwjgl-yoga-3.3.4-natives-windows.jar;C:\Users\arron\.m2\repository\org\lwjgl\lwjgl-zstd\3.3.4\lwjgl-zstd-3.3.4-natives-windows.jar;C:\Users\arron\.m2\repository\org\joml\joml\1.10.8\joml-1.10.8.jar;"/>
    <property name="sun.cpu.endian" value="little"/>
    <property name="user.home" value="C:\Users\arron"/>
    <property name="user.language" value="en"/>
    <property name="java.specification.vendor" value="Oracle Corporation"/>
    <property name="java.version.date" value="2024-01-16"/>
    <property name="java.home" value="C:\Program Files\Java\jdk-21"/>
    <property name="file.separator" value="\"/>
    <property name="basedir" value="C:\Users\arron\Desktop\Development\slimegamenew"/>
    <property name="java.vm.compressedOopsMode" value="Zero based"/>
    <property name="line.separator" value="&#10;"/>
    <property name="java.vm.specification.vendor" value="Oracle Corporation"/>
    <property name="java.specification.name" value="Java Platform API Specification"/>
    <property name="surefire.real.class.path" value="C:\Users\arron\AppData\Local\Temp\surefire681512273450642004\surefirebooter14666478584996367996.jar"/>
    <property name="user.script" value=""/>
    <property name="sun.management.compiler" value="HotSpot 64-Bit Tiered Compilers"/>
    <property name="java.runtime.version" value="21.0.2+13-LTS-58"/>
    <property name="user.name" value="arron"/>
    <property name="stdout.encoding" value="UTF-8"/>
    <property name="path.separator" value=";"/>
    <property name="os.version" value="10.0"/>
    <property name="java.runtime.name" value="Java(TM) SE Runtime Environment"/>
    <property name="file.encoding" value="UTF-8"/>
    <property name="java.vm.name" value="Java HotSpot(TM) 64-Bit Server VM"/>
    <property name="localRepository" value="C:\Users\arron\.m2\repository"/>
    <property name="java.vendor.url.bug" value="https://bugreport.java.com/bugreport/"/>
    <property name="java.io.tmpdir" value="C:\Users\arron\AppData\Local\Temp\"/>
    <property name="java.version" value="21.0.2"/>
    <property name="user.dir" value="C:\Users\arron\Desktop\Development\slimegamenew"/>
    <property name="os.arch" value="amd64"/>
    <property name="java.vm.specification.name" value="Java Virtual Machine Specification"/>
    <property name="sun.os.patch.level" value=""/>
    <property name="native.encoding" value="UTF-8"/>
    <property name="java.library.path" value="C:\Program Files\Java\jdk-21\bin;C:\WINDOWS\Sun\Java\bin;C:\WINDOWS\system32;C:\WINDOWS;C:\ffmpeg\bin;C:\Program Files\Common Files\Oracle\Java\javapath;C:\Program Files (x86)\Common Files\Oracle\Java\java8path;C:\Program Files (x86)\Common Files\Oracle\Java\javapath;C:\Program Files\PlasticSCM5\server;C:\Program Files\PlasticSCM5\client;C:\Program Files\Microsoft\jdk-11.0.16.101-hotspot\bin;C:\Windows\system32;C:\Windows;C:\Windows\System32\Wbem;C:\Windows\System32\WindowsPowerShell\v1.0\;C:\Windows\System32\OpenSSH\;C:\Program Files (x86)\NVIDIA Corporation\PhysX\Common;C:\Program Files\NVIDIA Corporation\NVIDIA NvDLISR;C:\Program Files (x86)\HP\Common\HPDestPlgIn\;C:\Program Files\PuTTY\;C:\Program Files\Microsoft SQL Server\150\Tools\Binn\;C:\Program Files\Microsoft SQL Server\Client SDK\ODBC\170\Tools\Binn\;C:\Program Files\Git\cmd;C:\Program Files\apache-maven-3.9.6\bin;C:\Program Files\Java\jdk-21\bin;C:\Program Files\Java\jre-1.8\bin;C:\Users\arron\AppData\Local\Microsoft\WindowsApps;C:\Users\arron\AppData\Local\GitHubDesktop\bin;C:\Program Files (x86)\Brackets\;C:\Users\arron\.dotnet\tools;C:\Users\arron\AppData\Local\Programs\Microsoft VS Code\bin;C:\WINDOWS\system32;C:\WINDOWS;C:\WINDOWS\System32\Wbem;C:\WINDOWS\System32\WindowsPowerShell\v1.0\;C:\WINDOWS\System32\OpenSSH\;C:\Program Files\dotnet\;C:\Users\arron\AppData\Local\Microsoft\WindowsApps;C:\Users\arron\AppData\Local\GitHubDesktop\bin;C:\Program Files (x86)\HP\Common\HPDestPlgIn\;C:\Program Files (x86)\Brackets\;C:\Users\arron\.dotnet\tools;C:\Users\arron\AppData\Local\Programs\Microsoft VS Code\bin;;c:\Users\arron\AppData\Roaming\Code\User\globalStorage\github.copilot-chat\debugCommand;."/>
    <property name="java.vm.info" value="mixed mode, sharing"/>
    <property name="stderr.encoding" value="UTF-8"/>
    <property name="java.vendor" value="Oracle Corporation"/>
    <property name="java.vm.version" value="21.0.2+13-LTS-58"/>
    <property name="sun.io.unicode.encoding" value="UnicodeLittle"/>
    <property name="java.class.version" value="65.0"/>
  </properties>
  <testcase name="testAddRigidBody" classname="com.arron_yeoman.physics2d.Physics2DTest" time="0.002"/>
</testsuite>